2024-08-08 21:47:17,898 [INFO] Activator:176 - 


2024-08-08 21:47:17,907 [INFO] Activator:177 - !SESSION log4j initialized
2024-08-08 21:47:30,096 [INFO] LogOutputStream:77 - [STDOUT_REDIRECT] 
2024-08-08 21:47:41,048 [INFO] ApplicationProperties:184 - Using Application install path: C:\ST\STM32CubeIDE_1.15.1\STM32CubeIDE\plugins\com.st.stm32cube.common.mx_6.11.1.202404110753
2024-08-08 21:47:41,068 [INFO] DbMcusXml:78 - Set database path to: C:\ST\STM32CubeIDE_1.15.1\STM32CubeIDE\plugins\com.st.stm32cube.common.mx_6.11.1.202404110753\\db\/mcu/
2024-08-08 21:47:41,069 [INFO] ApiDb:274 - Set plugin database path to: C:\ST\STM32CubeIDE_1.15.1\STM32CubeIDE\plugins\com.st.stm32cube.common.mx_6.11.1.202404110753\\db\/plugins/boardmanager/
2024-08-08 21:47:41,069 [WARN] ApiDb:259 - Overriding images path with different value:  => C:\ST\STM32CubeIDE_1.15.1\STM32CubeIDE\plugins\com.st.stm32cube.common.mx_6.11.1.202404110753\\db\/plugins/mcufinder/images/
2024-08-08 21:47:41,088 [INFO] ApiDb:250 - Set database path to: C:\Users\ceccc\.stmcufinder\plugins\mcufinder//mcu/
2024-08-08 21:47:41,090 [INFO] DbMcusAds:125 - Set database path to: C:\Users\ceccc\.stmcufinder\plugins\mcufinder//mcu/
2024-08-08 21:47:41,109 [INFO] CrossReferenceDbSqlite:203 - Set database path to: C:\Users\ceccc\.stmcufinder\plugins\mcufinder//mcu/cs/
2024-08-08 21:47:41,321 [INFO] RulesReader:64 - Compatibility file has been processed (297 Rules)
2024-08-08 21:47:41,436 [INFO] DbMcusXml:78 - Set database path to: C:\ST\STM32CubeIDE_1.15.1\STM32CubeIDE\plugins\com.st.stm32cube.common.mx_6.11.1.202404110753\\db\/mcu/
2024-08-08 21:47:41,436 [INFO] ApiDb:274 - Set plugin database path to: C:\ST\STM32CubeIDE_1.15.1\STM32CubeIDE\plugins\com.st.stm32cube.common.mx_6.11.1.202404110753\\db\/plugins/boardmanager/
2024-08-08 21:47:41,436 [INFO] ApiDb:261 - Set plugin images path to: C:\ST\STM32CubeIDE_1.15.1\STM32CubeIDE\plugins\com.st.stm32cube.common.mx_6.11.1.202404110753\\db\/plugins/mcufinder/images/
2024-08-08 21:47:41,436 [WARN] DbFile:41 - Overriding database path with different value: C:\Users\ceccc\.stmcufinder\plugins\mcufinder/ => C:\Users\ceccc\.stmcufinder\plugins\mcufinder
2024-08-08 21:47:41,437 [INFO] ApiDb:250 - Set database path to: C:\Users\ceccc\.stmcufinder\plugins\mcufinder//mcu/
2024-08-08 21:47:41,437 [WARN] DbFile:41 - Overriding database path with different value: C:\Users\ceccc\.stmcufinder\plugins\mcufinder/ => C:\Users\ceccc\.stmcufinder\plugins\mcufinder
2024-08-08 21:47:41,437 [INFO] DbMcusAds:125 - Set database path to: C:\Users\ceccc\.stmcufinder\plugins\mcufinder//mcu/
2024-08-08 21:47:41,437 [WARN] DbFile:41 - Overriding database path with different value: C:\Users\ceccc\.stmcufinder\plugins\mcufinder/ => C:\Users\ceccc\.stmcufinder\plugins\mcufinder
2024-08-08 21:47:41,437 [WARN] DbFile:41 - Overriding database path with different value: C:\Users\ceccc\.stmcufinder\plugins\mcufinder/ => C:\Users\ceccc\.stmcufinder\plugins\mcufinder
2024-08-08 21:47:41,437 [INFO] CrossReferenceDbSqlite:203 - Set database path to: C:\Users\ceccc\.stmcufinder\plugins\mcufinder//mcu/cs/
2024-08-08 21:47:41,577 [INFO] MainPanel:264 - HeapMemory: 268435456
2024-08-08 21:47:41,725 [INFO] DbMcusXml:78 - Set database path to: C:\ST\STM32CubeIDE_1.15.1\STM32CubeIDE\plugins\com.st.stm32cube.common.mx_6.11.1.202404110753\\db\/mcu/
2024-08-08 21:47:41,725 [INFO] ApiDb:274 - Set plugin database path to: C:\ST\STM32CubeIDE_1.15.1\STM32CubeIDE\plugins\com.st.stm32cube.common.mx_6.11.1.202404110753\\db\/plugins/boardmanager/
2024-08-08 21:47:41,726 [INFO] ApiDb:261 - Set plugin images path to: C:\ST\STM32CubeIDE_1.15.1\STM32CubeIDE\plugins\com.st.stm32cube.common.mx_6.11.1.202404110753\\db\/plugins/mcufinder/images/
2024-08-08 21:47:41,726 [WARN] DbFile:41 - Overriding database path with different value: C:\Users\ceccc\.stmcufinder\plugins\mcufinder/ => C:\Users\ceccc\.stmcufinder\plugins\mcufinder
2024-08-08 21:47:41,726 [INFO] ApiDb:250 - Set database path to: C:\Users\ceccc\.stmcufinder\plugins\mcufinder//mcu/
2024-08-08 21:47:41,726 [WARN] DbFile:41 - Overriding database path with different value: C:\Users\ceccc\.stmcufinder\plugins\mcufinder/ => C:\Users\ceccc\.stmcufinder\plugins\mcufinder
2024-08-08 21:47:41,726 [INFO] DbMcusAds:125 - Set database path to: C:\Users\ceccc\.stmcufinder\plugins\mcufinder//mcu/
2024-08-08 21:47:41,726 [WARN] DbFile:41 - Overriding database path with different value: C:\Users\ceccc\.stmcufinder\plugins\mcufinder/ => C:\Users\ceccc\.stmcufinder\plugins\mcufinder
2024-08-08 21:47:41,726 [WARN] DbFile:41 - Overriding database path with different value: C:\Users\ceccc\.stmcufinder\plugins\mcufinder/ => C:\Users\ceccc\.stmcufinder\plugins\mcufinder
2024-08-08 21:47:41,726 [INFO] CrossReferenceDbSqlite:203 - Set database path to: C:\Users\ceccc\.stmcufinder\plugins\mcufinder//mcu/cs/
2024-08-08 21:47:41,748 [INFO] ApplicationProperties:184 - Using Application install path: C:\ST\STM32CubeIDE_1.15.1\STM32CubeIDE\plugins\com.st.stm32cube.common.mx_6.11.1.202404110753
2024-08-08 21:47:41,750 [INFO] PluginManage:196 - Search for loadable plugins [exclusion list=, ]
2024-08-08 21:47:41,752 [INFO] PluginManage:310 - Check plugin analytics
2024-08-08 21:47:46,966 [INFO] AnalyticsPlugin:253 - Accepted Software Licenses: 
2024-08-08 21:47:46,967 [INFO] AnalyticsPlugin:255 - Accepted CMSIS Pack Licenses: 
2024-08-08 21:47:46,967 [INFO] AnalyticsPlugin:257 - Accepted Firmware Licenses: FW.H7.1.11.0,FW.F4.1.28.0
2024-08-08 21:47:46,971 [INFO] PluginManage:359 - Loaded plugin analytics (category:tool,tabindex:-1)
2024-08-08 21:47:46,972 [INFO] PluginManage:310 - Check plugin cadmodel
2024-08-08 21:47:46,996 [INFO] CADModel:105 - Init CAD model plugin
2024-08-08 21:47:46,996 [INFO] PluginManage:359 - Loaded plugin cadmodel (category:power,tabindex:5)
2024-08-08 21:47:46,997 [INFO] PluginManage:310 - Check plugin clock
2024-08-08 21:47:47,044 [INFO] PluginManage:359 - Loaded plugin clock (category:base,tabindex:2)
2024-08-08 21:47:47,044 [INFO] PluginManage:310 - Check plugin ddr
2024-08-08 21:47:47,047 [INFO] PluginManage:359 - Loaded plugin ddr (category:tool,tabindex:6)
2024-08-08 21:47:47,048 [INFO] PluginManage:310 - Check plugin filemanager
2024-08-08 21:47:47,296 [INFO] PluginManage:359 - Loaded plugin filemanager (category:base,tabindex:10)
2024-08-08 21:47:47,296 [INFO] PluginManage:310 - Check plugin ipmanager
2024-08-08 21:47:47,312 [INFO] PluginManage:359 - Loaded plugin ipmanager (category:base,tabindex:5)
2024-08-08 21:47:47,313 [INFO] PluginManage:310 - Check plugin lpbam
2024-08-08 21:47:47,353 [INFO] PluginManage:359 - Loaded plugin lpbam (category:base,tabindex:0)
2024-08-08 21:47:47,354 [INFO] PluginManage:310 - Check plugin memorymap
2024-08-08 21:47:47,413 [INFO] PluginManage:359 - Loaded plugin memorymap (category:base,tabindex:4)
2024-08-08 21:47:47,414 [INFO] PluginManage:310 - Check plugin pinoutandconfiguration
2024-08-08 21:47:47,454 [INFO] PluginManage:359 - Loaded plugin pinoutandconfiguration (category:base,tabindex:1)
2024-08-08 21:47:47,455 [INFO] PluginManage:310 - Check plugin pinoutconfig
2024-08-08 21:47:47,637 [WARN] SupportedApi:132 - Cannot load RTOS API schema: s4s-elt-must-match.1: The content of 'definitions' must match (annotation?, (simpleType | complexType)?, (unique | key | keyref)*)). A problem was found starting at: attribute.
2024-08-08 21:47:47,847 [INFO] PluginManage:359 - Loaded plugin pinoutconfig (category:base,tabindex:0)
2024-08-08 21:47:47,848 [INFO] PluginManage:310 - Check plugin power
2024-08-08 21:47:47,870 [INFO] PluginManage:359 - Loaded plugin power (category:power,tabindex:4)
2024-08-08 21:47:47,870 [INFO] PluginManage:310 - Check plugin projectmanager
2024-08-08 21:47:47,893 [INFO] PluginManage:359 - Loaded plugin projectmanager (category:projectmanager,tabindex:3)
2024-08-08 21:47:47,893 [INFO] PluginManage:310 - Check plugin thirdparty
2024-08-08 21:47:48,453 [INFO] PluginManage:359 - Loaded plugin thirdparty (category:base,tabindex:-1)
2024-08-08 21:47:48,453 [WARN] IntegrityCheckThread:84 - waiting for thirdparty lock release [integrity check]
2024-08-08 21:47:48,454 [INFO] PluginManage:310 - Check plugin tools
2024-08-08 21:47:48,454 [INFO] IntegrityCheckThread:86 - entering critical section [integrity check]
2024-08-08 21:47:48,454 [INFO] ThirdPartyUpdaterWithRetryManager:70 - Updater plugin not ready yet. [1/15]
2024-08-08 21:47:48,536 [INFO] PluginManage:359 - Loaded plugin tools (category:base,tabindex:7)
2024-08-08 21:47:48,537 [INFO] PluginManage:310 - Check plugin tutovideos
2024-08-08 21:47:48,956 [INFO] PluginManage:359 - Loaded plugin tutovideos (category:base,tabindex:-1)
2024-08-08 21:47:48,956 [INFO] PluginManage:310 - Check plugin updater
2024-08-08 21:47:48,982 [INFO] PluginManage:359 - Loaded plugin updater (category:base,tabindex:12)
2024-08-08 21:47:48,982 [INFO] PluginManage:310 - Check plugin userauth
2024-08-08 21:47:48,995 [INFO] UserAuth:114 - Init User Auth plugin
2024-08-08 21:47:48,996 [INFO] PluginManage:359 - Loaded plugin userauth (category:base,tabindex:14)
2024-08-08 21:47:48,997 [INFO] PluginManage:283 - PluginManage : Loaded plugins [17]
2024-08-08 21:47:49,433 [INFO] PinOutPanel:1561 - setPackage(No Configuration,No Configuration)
2024-08-08 21:47:49,567 [INFO] CADModel:165 - CPN selected for project level
2024-08-08 21:47:49,567 [INFO] CADModel:114 - Register for checkConnection events
2024-08-08 21:47:49,624 [INFO] IPUIPlugin:80 - create IPUIPlugin
2024-08-08 21:47:49,625 [INFO] PluginManager:220 - loadIPPluginJar : add adc
2024-08-08 21:47:49,721 [INFO] IPUIPlugin:80 - create IPUIPlugin
2024-08-08 21:47:49,722 [INFO] PluginManager:220 - loadIPPluginJar : add aes
2024-08-08 21:47:49,816 [INFO] IPUIPlugin:80 - create IPUIPlugin
2024-08-08 21:47:49,816 [INFO] PluginManager:220 - loadIPPluginJar : add can
2024-08-08 21:47:49,865 [INFO] IPUIPlugin:80 - create IPUIPlugin
2024-08-08 21:47:49,865 [INFO] PluginManager:220 - loadIPPluginJar : add comp
2024-08-08 21:47:49,925 [INFO] IPUIPlugin:80 - create IPUIPlugin
2024-08-08 21:47:49,925 [INFO] PluginManager:220 - loadIPPluginJar : add cryp
2024-08-08 21:47:49,966 [INFO] IPUIPlugin:80 - create IPUIPlugin
2024-08-08 21:47:49,966 [INFO] PluginManager:220 - loadIPPluginJar : add dfsdm
2024-08-08 21:47:49,986 [INFO] IPUIPlugin:80 - create IPUIPlugin
2024-08-08 21:47:49,987 [INFO] PluginManager:220 - loadIPPluginJar : add dma
2024-08-08 21:47:50,051 [INFO] IPUIPlugin:80 - create IPUIPlugin
2024-08-08 21:47:50,051 [INFO] PluginManager:220 - loadIPPluginJar : add dma3
2024-08-08 21:47:50,132 [INFO] IPUIPlugin:80 - create IPUIPlugin
2024-08-08 21:47:50,132 [INFO] PluginManager:220 - loadIPPluginJar : add extmemmanager
2024-08-08 21:47:50,159 [INFO] IPUIPlugin:80 - create IPUIPlugin
2024-08-08 21:47:50,159 [INFO] PluginManager:220 - loadIPPluginJar : add fatfs
2024-08-08 21:47:50,210 [INFO] IPUIPlugin:80 - create IPUIPlugin
2024-08-08 21:47:50,210 [INFO] PluginManager:220 - loadIPPluginJar : add fmc
2024-08-08 21:47:50,231 [INFO] IPUIPlugin:80 - create IPUIPlugin
2024-08-08 21:47:50,232 [INFO] PluginManager:220 - loadIPPluginJar : add freertos
2024-08-08 21:47:50,283 [INFO] IPUIPlugin:80 - create IPUIPlugin
2024-08-08 21:47:50,283 [INFO] PluginManager:220 - loadIPPluginJar : add genericplugin
2024-08-08 21:47:50,430 [INFO] IPUIPlugin:80 - create IPUIPlugin
2024-08-08 21:47:50,430 [INFO] PluginManager:220 - loadIPPluginJar : add gfxmmu
2024-08-08 21:47:50,594 [INFO] IPUIPlugin:80 - create IPUIPlugin
2024-08-08 21:47:50,594 [INFO] PluginManager:220 - loadIPPluginJar : add gic
2024-08-08 21:47:50,613 [INFO] IPUIPlugin:80 - create IPUIPlugin
2024-08-08 21:47:50,614 [INFO] PluginManager:220 - loadIPPluginJar : add gpio
2024-08-08 21:47:50,738 [INFO] IPUIPlugin:80 - create IPUIPlugin
2024-08-08 21:47:50,738 [INFO] PluginManager:220 - loadIPPluginJar : add gtzc
2024-08-08 21:47:50,776 [INFO] IPUIPlugin:80 - create IPUIPlugin
2024-08-08 21:47:50,776 [INFO] PluginManager:220 - loadIPPluginJar : add hash
2024-08-08 21:47:50,856 [INFO] IPUIPlugin:80 - create IPUIPlugin
2024-08-08 21:47:50,856 [INFO] PluginManager:220 - loadIPPluginJar : add i2c
2024-08-08 21:47:50,898 [INFO] IPUIPlugin:80 - create IPUIPlugin
2024-08-08 21:47:50,899 [INFO] PluginManager:220 - loadIPPluginJar : add i2s
2024-08-08 21:47:50,944 [INFO] IPUIPlugin:80 - create IPUIPlugin
2024-08-08 21:47:50,944 [INFO] PluginManager:220 - loadIPPluginJar : add i3c
2024-08-08 21:47:51,051 [INFO] IPUIPlugin:80 - create IPUIPlugin
2024-08-08 21:47:51,051 [INFO] PluginManager:220 - loadIPPluginJar : add ipddr
2024-08-08 21:47:51,185 [INFO] IPUIPlugin:80 - create IPUIPlugin
2024-08-08 21:47:51,186 [INFO] PluginManager:220 - loadIPPluginJar : add linkedlist
2024-08-08 21:47:51,250 [INFO] IPUIPlugin:80 - create IPUIPlugin
2024-08-08 21:47:51,250 [INFO] PluginManager:220 - loadIPPluginJar : add lorawan
2024-08-08 21:47:51,292 [INFO] IPUIPlugin:80 - create IPUIPlugin
2024-08-08 21:47:51,292 [INFO] PluginManager:220 - loadIPPluginJar : add ltdc
2024-08-08 21:47:51,308 [INFO] IPUIPlugin:80 - create IPUIPlugin
2024-08-08 21:47:51,308 [INFO] PluginManager:220 - loadIPPluginJar : add mdma
2024-08-08 21:47:51,324 [INFO] IPUIPlugin:80 - create IPUIPlugin
2024-08-08 21:47:51,324 [INFO] PluginManager:220 - loadIPPluginJar : add nvic
2024-08-08 21:47:51,366 [INFO] IPUIPlugin:80 - create IPUIPlugin
2024-08-08 21:47:51,366 [INFO] PluginManager:220 - loadIPPluginJar : add opamp
2024-08-08 21:47:51,436 [INFO] IPUIPlugin:80 - create IPUIPlugin
2024-08-08 21:47:51,436 [INFO] PluginManager:220 - loadIPPluginJar : add openamp
2024-08-08 21:47:51,456 [INFO] ThirdPartyUpdaterWithRetryManager:70 - Updater plugin not ready yet. [2/15]
2024-08-08 21:47:51,484 [INFO] IPUIPlugin:80 - create IPUIPlugin
2024-08-08 21:47:51,484 [INFO] PluginManager:220 - loadIPPluginJar : add pdm2pcm
2024-08-08 21:47:51,501 [INFO] IPUIPlugin:80 - create IPUIPlugin
2024-08-08 21:47:51,505 [INFO] PluginManager:220 - loadIPPluginJar : add plateformsettings
2024-08-08 21:47:51,553 [INFO] IPUIPlugin:80 - create IPUIPlugin
2024-08-08 21:47:51,553 [INFO] PluginManager:220 - loadIPPluginJar : add quadspi
2024-08-08 21:47:51,569 [INFO] IPUIPlugin:80 - create IPUIPlugin
2024-08-08 21:47:51,569 [INFO] PluginManager:220 - loadIPPluginJar : add resmgrutility
2024-08-08 21:47:51,621 [INFO] IPUIPlugin:80 - create IPUIPlugin
2024-08-08 21:47:51,621 [INFO] PluginManager:220 - loadIPPluginJar : add sai
2024-08-08 21:47:51,695 [INFO] IPUIPlugin:80 - create IPUIPlugin
2024-08-08 21:47:51,695 [INFO] PluginManager:220 - loadIPPluginJar : add spi
2024-08-08 21:47:51,769 [INFO] IPUIPlugin:80 - create IPUIPlugin
2024-08-08 21:47:51,769 [INFO] PluginManager:220 - loadIPPluginJar : add stm32_wpan
2024-08-08 21:47:51,796 [INFO] IPUIPlugin:80 - create IPUIPlugin
2024-08-08 21:47:51,796 [INFO] PluginManager:220 - loadIPPluginJar : add tim
2024-08-08 21:47:51,863 [INFO] IPUIPlugin:80 - create IPUIPlugin
2024-08-08 21:47:51,863 [INFO] PluginManager:220 - loadIPPluginJar : add touchsensing
2024-08-08 21:47:51,889 [INFO] IPUIPlugin:80 - create IPUIPlugin
2024-08-08 21:47:51,890 [INFO] PluginManager:220 - loadIPPluginJar : add tracer_emb
2024-08-08 21:47:51,915 [INFO] IPUIPlugin:80 - create IPUIPlugin
2024-08-08 21:47:51,916 [INFO] PluginManager:220 - loadIPPluginJar : add ts
2024-08-08 21:47:51,943 [INFO] IPUIPlugin:80 - create IPUIPlugin
2024-08-08 21:47:51,943 [INFO] PluginManager:220 - loadIPPluginJar : add tsc
2024-08-08 21:47:51,970 [INFO] IPUIPlugin:80 - create IPUIPlugin
2024-08-08 21:47:51,970 [INFO] PluginManager:220 - loadIPPluginJar : add ucpd
2024-08-08 21:47:52,019 [INFO] IPUIPlugin:80 - create IPUIPlugin
2024-08-08 21:47:52,019 [INFO] PluginManager:220 - loadIPPluginJar : add usart
2024-08-08 21:47:52,068 [INFO] IPUIPlugin:80 - create IPUIPlugin
2024-08-08 21:47:52,069 [INFO] PluginManager:220 - loadIPPluginJar : add usbx
2024-08-08 21:47:52,230 [INFO] CADModel:165 - CPN selected for project level
2024-08-08 21:47:52,230 [INFO] CADModel:114 - Register for checkConnection events
2024-08-08 21:47:52,231 [FATAL] Updater:308 - Updater called before beeing initialized
2024-08-08 21:47:52,231 [ERROR] CADModel:125 - Updater not yet initialized, retry later 
2024-08-08 21:47:52,465 [INFO] CADModel:165 - CPN selected for project level
2024-08-08 21:47:52,465 [INFO] CADModel:114 - Register for checkConnection events
2024-08-08 21:47:52,465 [FATAL] Updater:308 - Updater called before beeing initialized
2024-08-08 21:47:52,466 [ERROR] CADModel:125 - Updater not yet initialized, retry later 
2024-08-08 21:47:52,470 [FATAL] Updater:308 - Updater called before beeing initialized
2024-08-08 21:47:52,614 [FATAL] Updater:308 - Updater called before beeing initialized
2024-08-08 21:47:52,628 [INFO] DbMcusAds:53 - JSON generation date=Thu May 16 06:22:00 BRT 2024 (1715851320667)
2024-08-08 21:47:52,628 [FATAL] Updater:308 - Updater called before beeing initialized
2024-08-08 21:47:52,693 [WARN] DetailPanel:346 - Failed to get advertising image, set to default
2024-08-08 21:47:52,790 [FATAL] Updater:308 - Updater called before beeing initialized
2024-08-08 21:47:52,794 [FATAL] Updater:308 - Updater called before beeing initialized
2024-08-08 21:47:52,794 [FATAL] Updater:308 - Updater called before beeing initialized
2024-08-08 21:47:52,794 [WARN] DetailPanel:346 - Failed to get advertising image, set to default
2024-08-08 21:47:52,796 [FATAL] Updater:308 - Updater called before beeing initialized
2024-08-08 21:47:52,881 [ERROR] Updater:1120 - MainUpdater not yet initialized. External WinMGr cannot be set.
2024-08-08 21:47:52,896 [INFO] Updater:1056 - Updater Version found : 6.11.1
2024-08-08 21:47:52,927 [INFO] ApplicationProperties:184 - Using Application install path: C:\ST\STM32CubeIDE_1.15.1\STM32CubeIDE\plugins\com.st.stm32cube.common.mx_6.11.1.202404110753
2024-08-08 21:47:54,458 [INFO] ThirdPartyUpdaterWithRetryManager:70 - Updater plugin not ready yet. [3/15]
2024-08-08 21:47:54,520 [ERROR] LogOutputStream:75 - [STDERR_REDIRECT] Aug 08, 2024 9:47:54 PM java.util.prefs.WindowsPreferences <init>
2024-08-08 21:47:54,523 [ERROR] LogOutputStream:75 - [STDERR_REDIRECT] WARNING: Could not open/create prefs root node Software\JavaSoft\Prefs at root 0xffffffff80000002. Windows RegCreateKeyEx(...) returned error code 5.
2024-08-08 21:47:54,523 [ERROR] LogOutputStream:75 - [STDERR_REDIRECT] 
2024-08-08 21:47:55,195 [INFO] MainUpdater:2873 - connection check result : 10
2024-08-08 21:47:55,196 [INFO] MainUpdater:3567 - Updater definition file requires update
2024-08-08 21:47:55,198 [INFO] MainUpdater:290 - Updater Check For Update Now.
2024-08-08 21:47:55,199 [INFO] MicroXplorer:498 - Change Database Version : DB.6.0.111
2024-08-08 21:47:55,237 [INFO] McuFinderGlobals:63 - Set McuFinder mode to 2 (CubeIDE integrated)
2024-08-08 21:47:55,259 [INFO] UserAuth:415 - Internet connection configuration mode: 1
2024-08-08 21:47:55,306 [INFO] JxBrowserEngine:152 - Initiate JxBrowser Engine with user profile folder
2024-08-08 21:47:56,911 [INFO] ServerAccessManage:473 - Download File updaters.zip
2024-08-08 21:47:57,090 [INFO] FileExtend:240 - Unzip File : updaters.zip
2024-08-08 21:47:57,091 [INFO] FileExtend:255 - Standard Zip Deflate
2024-08-08 21:47:57,459 [WARN] MainUpdater:1194 - Updater busy. Cannot search thirdparties
2024-08-08 21:47:57,460 [INFO] ThirdPartyUpdaterWithRetryManager:96 - Updater plugin is busy. [1/15]
2024-08-08 21:47:58,561 [INFO] ServerAccessManage:473 - Download File PacksControlFlags.xml
2024-08-08 21:47:58,922 [INFO] ServerAccessManage:473 - Download File cubemx.pidx
2024-08-08 21:47:59,068 [INFO] LoadServerUpdatesThread:375 - End of LoadServerUpdate Thread
2024-08-08 21:47:59,268 [INFO] CheckServerUpdateThread:120 - End of CheckServer Thread
2024-08-08 21:48:01,073 [WARN] PackLoader:240 - Cannot read IP mode file for STMicroelectronics.FP-SNS-MOTENVWB1.1.4.0
2024-08-08 21:48:01,138 [WARN] PackLoader:240 - Cannot read IP mode file for STMicroelectronics.X-CUBE-SMBUS.2.1.0
2024-08-08 21:48:01,276 [WARN] PackLoader:240 - Cannot read IP mode file for STMicroelectronics.X-CUBE-TOUCHGFX.4.23.2
2024-08-08 21:48:01,375 [WARN] PackLoader:240 - Cannot read IP mode file for STMicroelectronics.X-CUBE-AZRTOS-F7.1.1.0
2024-08-08 21:48:01,409 [WARN] PackLoader:240 - Cannot read IP mode file for STMicroelectronics.FP-SNS-FLIGHT1.5.0.2
2024-08-08 21:48:01,451 [WARN] PackLoader:240 - Cannot read IP mode file for STMicroelectronics.X-CUBE-DISPLAY.3.0.0
2024-08-08 21:48:01,497 [WARN] PackLoader:240 - Cannot read IP mode file for STMicroelectronics.X-CUBE-BLE1.7.0.0
2024-08-08 21:48:01,548 [WARN] PackLoader:240 - Cannot read IP mode file for emotas.I-CUBE-CANOPEN.1.3.0
2024-08-08 21:48:01,578 [WARN] PackLoader:240 - Cannot read IP mode file for STMicroelectronics.X-CUBE-BLEMGR.3.1.0
2024-08-08 21:48:01,597 [WARN] PackLoader:240 - Cannot read IP mode file for STMicroelectronics.FP-SNS-SMARTAG2.1.2.0
2024-08-08 21:48:01,622 [INFO] LogOutputStream:77 - [STDOUT_REDIRECT] 1 : Invalid condition id : UX_CORESTACK_Condition cause : null
2024-08-08 21:48:01,623 [INFO] LogOutputStream:77 - [STDOUT_REDIRECT] 1 : Invalid condition id : UX_CORESTACK_Condition cause : null
2024-08-08 21:48:01,624 [INFO] LogOutputStream:77 - [STDOUT_REDIRECT] 1 : Invalid condition id : UX_CORESTACK_Condition cause : null
2024-08-08 21:48:01,626 [INFO] LogOutputStream:77 - [STDOUT_REDIRECT] 1 : Invalid condition id : UX_CORESTACK_Condition cause : null
2024-08-08 21:48:01,629 [INFO] LogOutputStream:77 - [STDOUT_REDIRECT] 1 : Invalid condition id : UX_CORESTACK_Condition cause : null
2024-08-08 21:48:01,636 [WARN] PackLoader:240 - Cannot read IP mode file for STMicroelectronics.X-CUBE-AZRTOS-WL.2.0.0
2024-08-08 21:48:01,653 [WARN] PackLoader:240 - Cannot read IP mode file for STMicroelectronics.FP-SNS-MOTENV1.5.0.0
2024-08-08 21:48:01,668 [WARN] PackLoader:240 - Cannot read IP mode file for wolfSSL.I-CUBE-wolfMQTT.1.19.0
2024-08-08 21:48:01,696 [WARN] PackLoader:240 - Cannot read IP mode file for WES.I-CUBE-Cesium.1.3.0
2024-08-08 21:48:01,720 [WARN] PackLoader:240 - Cannot read IP mode file for STMicroelectronics.X-CUBE-BLE2.3.3.0
2024-08-08 21:48:01,747 [WARN] PackLoader:240 - Cannot read IP mode file for STMicroelectronics.X-CUBE-TCPP.4.1.0
2024-08-08 21:48:01,794 [WARN] PackLoader:240 - Cannot read IP mode file for STMicroelectronics.X-CUBE-AZRTOS-G0.1.1.0
2024-08-08 21:48:01,795 [INFO] WebApp:161 - Instantiating new browser for Auth
2024-08-08 21:48:01,860 [WARN] PackLoader:240 - Cannot read IP mode file for STMicroelectronics.X-CUBE-SAFEA1.1.2.2
2024-08-08 21:48:01,898 [WARN] PackLoader:240 - Cannot read IP mode file for STMicroelectronics.X-CUBE-NFC4.3.0.0
2024-08-08 21:48:01,978 [WARN] PackLoader:240 - Cannot read IP mode file for EmbeddedOffice.I-CUBE-FS-RTOS.1.0.1
2024-08-08 21:48:01,979 [ERROR] ConditionMgr:805 - Attr not supported : Dmpu
2024-08-08 21:48:01,979 [ERROR] ConditionMgr:805 - Attr not supported : Dmpu
2024-08-08 21:48:01,979 [ERROR] ConditionMgr:805 - Attr not supported : Dmpu
2024-08-08 21:48:01,979 [ERROR] ConditionMgr:805 - Attr not supported : Dmpu
2024-08-08 21:48:01,979 [ERROR] ConditionMgr:805 - Attr not supported : Dmpu
2024-08-08 21:48:01,980 [ERROR] ConditionMgr:805 - Attr not supported : Dmpu
2024-08-08 21:48:01,980 [ERROR] ConditionMgr:805 - Attr not supported : Dmpu
2024-08-08 21:48:01,980 [ERROR] ConditionMgr:805 - Attr not supported : Dmpu
2024-08-08 21:48:01,980 [ERROR] ConditionMgr:805 - Attr not supported : Dmpu
2024-08-08 21:48:01,980 [ERROR] ConditionMgr:805 - Attr not supported : Dmpu
2024-08-08 21:48:01,981 [ERROR] ConditionMgr:805 - Attr not supported : Dmpu
2024-08-08 21:48:01,981 [ERROR] ConditionMgr:805 - Attr not supported : Dmpu
2024-08-08 21:48:01,981 [ERROR] ConditionMgr:805 - Attr not supported : Dmpu
2024-08-08 21:48:01,981 [ERROR] ConditionMgr:805 - Attr not supported : Dmpu
2024-08-08 21:48:01,982 [ERROR] ConditionMgr:805 - Attr not supported : Dmpu
2024-08-08 21:48:01,982 [ERROR] ConditionMgr:805 - Attr not supported : Dmpu
2024-08-08 21:48:01,982 [ERROR] ConditionMgr:805 - Attr not supported : Dmpu
2024-08-08 21:48:01,983 [ERROR] ConditionMgr:805 - Attr not supported : Dmpu
2024-08-08 21:48:01,983 [ERROR] ConditionMgr:805 - Attr not supported : Dmpu
2024-08-08 21:48:01,983 [ERROR] ConditionMgr:805 - Attr not supported : Dmpu
2024-08-08 21:48:01,984 [ERROR] ConditionMgr:805 - Attr not supported : Dmpu
2024-08-08 21:48:01,984 [ERROR] ConditionMgr:805 - Attr not supported : Dmpu
2024-08-08 21:48:01,984 [ERROR] ConditionMgr:805 - Attr not supported : Dmpu
2024-08-08 21:48:01,984 [ERROR] ConditionMgr:805 - Attr not supported : Dmpu
2024-08-08 21:48:01,985 [ERROR] ConditionMgr:805 - Attr not supported : Dmpu
2024-08-08 21:48:01,985 [ERROR] ConditionMgr:805 - Attr not supported : Dmpu
2024-08-08 21:48:01,985 [ERROR] ConditionMgr:805 - Attr not supported : Dmpu
2024-08-08 21:48:01,985 [ERROR] ConditionMgr:805 - Attr not supported : Dmpu
2024-08-08 21:48:01,985 [ERROR] ConditionMgr:805 - Attr not supported : Dmpu
2024-08-08 21:48:01,985 [ERROR] ConditionMgr:805 - Attr not supported : Dmpu
2024-08-08 21:48:01,985 [ERROR] ConditionMgr:805 - Attr not supported : Dmpu
2024-08-08 21:48:01,986 [ERROR] ConditionMgr:805 - Attr not supported : Dmpu
2024-08-08 21:48:01,986 [ERROR] ConditionMgr:805 - Attr not supported : Dmpu
2024-08-08 21:48:01,986 [ERROR] ConditionMgr:805 - Attr not supported : Dmpu
2024-08-08 21:48:01,986 [ERROR] ConditionMgr:805 - Attr not supported : Dmpu
2024-08-08 21:48:01,986 [ERROR] ConditionMgr:805 - Attr not supported : Dmpu
2024-08-08 21:48:01,986 [ERROR] ConditionMgr:805 - Attr not supported : Dmpu
2024-08-08 21:48:01,986 [ERROR] ConditionMgr:805 - Attr not supported : Dmpu
2024-08-08 21:48:01,987 [ERROR] ConditionMgr:805 - Attr not supported : Dmpu
2024-08-08 21:48:01,987 [ERROR] ConditionMgr:805 - Attr not supported : Dmpu
2024-08-08 21:48:01,987 [ERROR] ConditionMgr:805 - Attr not supported : Dmpu
2024-08-08 21:48:01,987 [ERROR] ConditionMgr:805 - Attr not supported : Dmpu
2024-08-08 21:48:01,987 [ERROR] ConditionMgr:805 - Attr not supported : Dmpu
2024-08-08 21:48:01,987 [ERROR] ConditionMgr:805 - Attr not supported : Dmpu
2024-08-08 21:48:01,987 [ERROR] ConditionMgr:805 - Attr not supported : Dmpu
2024-08-08 21:48:01,988 [ERROR] ConditionMgr:805 - Attr not supported : Dmpu
2024-08-08 21:48:01,988 [ERROR] ConditionMgr:805 - Attr not supported : Dmpu
2024-08-08 21:48:01,988 [ERROR] ConditionMgr:805 - Attr not supported : Dmpu
2024-08-08 21:48:01,988 [ERROR] ConditionMgr:805 - Attr not supported : Dmpu
2024-08-08 21:48:01,988 [ERROR] ConditionMgr:805 - Attr not supported : Dmpu
2024-08-08 21:48:01,988 [ERROR] ConditionMgr:805 - Attr not supported : Dmpu
2024-08-08 21:48:01,989 [ERROR] ConditionMgr:805 - Attr not supported : Dmpu
2024-08-08 21:48:01,989 [ERROR] ConditionMgr:805 - Attr not supported : Dmpu
2024-08-08 21:48:01,989 [ERROR] ConditionMgr:805 - Attr not supported : Dmpu
2024-08-08 21:48:01,989 [ERROR] ConditionMgr:805 - Attr not supported : Dmpu
2024-08-08 21:48:01,989 [ERROR] ConditionMgr:805 - Attr not supported : Dmpu
2024-08-08 21:48:01,989 [ERROR] ConditionMgr:805 - Attr not supported : Dmpu
2024-08-08 21:48:01,990 [ERROR] ConditionMgr:805 - Attr not supported : Dmpu
2024-08-08 21:48:01,990 [ERROR] ConditionMgr:805 - Attr not supported : Dmpu
2024-08-08 21:48:01,990 [ERROR] ConditionMgr:805 - Attr not supported : Dmpu
2024-08-08 21:48:01,991 [ERROR] ConditionMgr:805 - Attr not supported : Dmpu
2024-08-08 21:48:01,991 [ERROR] ConditionMgr:805 - Attr not supported : Dmpu
2024-08-08 21:48:01,991 [ERROR] ConditionMgr:805 - Attr not supported : Dmpu
2024-08-08 21:48:01,991 [ERROR] ConditionMgr:805 - Attr not supported : Dmpu
2024-08-08 21:48:02,045 [WARN] PackLoader:240 - Cannot read IP mode file for RealThread.X-CUBE-RT-Thread_Nano.4.1.1
2024-08-08 21:48:02,068 [WARN] PackLoader:240 - Cannot read IP mode file for wolfSSL.I-CUBE-wolfSSL.5.7.0
2024-08-08 21:48:02,087 [WARN] PackLoader:240 - Cannot read IP mode file for STMicroelectronics.FP-ATR-SIGFOX1.3.2.0
2024-08-08 21:48:02,110 [WARN] PackLoader:240 - Cannot read IP mode file for STMicroelectronics.X-CUBE-EEPRMA1.5.1.0
2024-08-08 21:48:02,143 [WARN] PackLoader:240 - Cannot read IP mode file for ITTIA_DB.I-CUBE-ITTIADB.8.9.0
2024-08-08 21:48:02,230 [WARN] PackLoader:240 - Cannot read IP mode file for SEGGER.I-CUBE-embOS.1.3.1
2024-08-08 21:48:02,350 [WARN] PackLoader:240 - Cannot read IP mode file for STMicroelectronics.X-CUBE-ALGOBUILD.1.4.0
2024-08-08 21:48:02,393 [WARN] PackLoader:240 - Cannot read IP mode file for STMicroelectronics.X-CUBE-GNSS1.6.0.0
2024-08-08 21:48:02,463 [WARN] PackLoader:240 - Cannot read IP mode file for STMicroelectronics.X-CUBE-AZRTOS-F4.1.1.0
2024-08-08 21:48:02,500 [WARN] PackLoader:240 - Cannot read IP mode file for STMicroelectronics.X-CUBE-FREERTOS.1.2.0
2024-08-08 21:48:02,545 [WARN] PackLoader:240 - Cannot read IP mode file for STMicroelectronics.X-CUBE-AZRTOS-L5.2.0.0
2024-08-08 21:48:02,573 [WARN] PackLoader:240 - Cannot read IP mode file for STMicroelectronics.X-CUBE-NFC6.3.1.0
2024-08-08 21:48:02,594 [WARN] PackLoader:240 - Cannot read IP mode file for STMicroelectronics.X-CUBE-DPower.1.2.0
2024-08-08 21:48:02,613 [WARN] PackLoader:240 - Cannot read IP mode file for STMicroelectronics.X-CUBE-AI.9.0.0
2024-08-08 21:48:02,634 [WARN] PackLoader:240 - Cannot read IP mode file for STMicroelectronics.X-CUBE-NFC7.1.0.1
2024-08-08 21:48:02,655 [WARN] PackLoader:240 - Cannot read IP mode file for wolfSSL.I-CUBE-wolfTPM.3.2.0
2024-08-08 21:48:02,697 [WARN] ConditionMgr:438 - getConditionDescription Invalid condition id : LAN8742 Phy interface Condition cause : null
2024-08-08 21:48:02,698 [WARN] PackLoader:240 - Cannot read IP mode file for STMicroelectronics.X-CUBE-AZRTOS-L4.2.0.0
2024-08-08 21:48:02,700 [WARN] ConditionMgr:1039 - genDependencies : Invalid condition id : LAN8742 Phy interface Condition cause : null
2024-08-08 21:48:02,700 [WARN] ConditionMgr:1039 - genDependencies : Invalid condition id : LAN8742 Phy interface Condition cause : null
2024-08-08 21:48:02,700 [WARN] ConditionMgr:1039 - genDependencies : Invalid condition id : LAN8742 Phy interface Condition cause : null
2024-08-08 21:48:02,725 [WARN] PackLoader:240 - Cannot read IP mode file for STMicroelectronics.X-CUBE-SFXS2LP1.4.0.0
2024-08-08 21:48:02,757 [WARN] ConditionMgr:438 - getConditionDescription Invalid condition id : UX DEVICE CLASS RTOS Condition cause : null
2024-08-08 21:48:02,758 [WARN] ConditionMgr:438 - getConditionDescription Invalid condition id : UX DEVICE CLASS RTOS Condition cause : null
2024-08-08 21:48:02,761 [WARN] PackLoader:240 - Cannot read IP mode file for STMicroelectronics.X-CUBE-AZRTOS-WB.2.0.0
2024-08-08 21:48:02,762 [WARN] ConditionMgr:1039 - genDependencies : Invalid condition id : UX DEVICE CLASS RTOS Condition cause : null
2024-08-08 21:48:02,762 [WARN] ConditionMgr:1039 - genDependencies : Invalid condition id : UX DEVICE CLASS RTOS Condition cause : null
2024-08-08 21:48:02,763 [WARN] ConditionMgr:1039 - genDependencies : Invalid condition id : UX DEVICE CLASS RTOS Condition cause : null
2024-08-08 21:48:02,764 [WARN] ConditionMgr:1039 - genDependencies : Invalid condition id : UX DEVICE CLASS RTOS Condition cause : null
2024-08-08 21:48:02,764 [WARN] ConditionMgr:1039 - genDependencies : Invalid condition id : UX DEVICE CLASS RTOS Condition cause : null
2024-08-08 21:48:02,807 [WARN] PackLoader:240 - Cannot read IP mode file for STMicroelectronics.FP-SNS-STBOX1.2.0.0
2024-08-08 21:48:02,842 [WARN] PackLoader:240 - Cannot read IP mode file for STMicroelectronics.X-CUBE-SUBG2.5.0.0
2024-08-08 21:48:02,891 [WARN] PackLoader:240 - Cannot read IP mode file for Cesanta.I-CUBE-Mongoose.7.13.0
2024-08-08 21:48:02,935 [WARN] PackLoader:240 - Cannot read IP mode file for STMicroelectronics.X-CUBE-AZRTOS-G4.2.0.0
2024-08-08 21:48:02,960 [WARN] PackLoader:240 - Cannot read IP mode file for STMicroelectronics.X-CUBE-ISPU.2.0.0
2024-08-08 21:48:02,982 [WARN] PackLoader:240 - Cannot read IP mode file for STMicroelectronics.X-CUBE-ALS.1.0.2
2024-08-08 21:48:03,050 [WARN] PackLoader:240 - Cannot read IP mode file for STMicroelectronics.X-CUBE-MEMS1.10.0.0
2024-08-08 21:48:03,187 [WARN] PackLoader:240 - Cannot read IP mode file for STMicroelectronics.X-CUBE-TOUCHGFX.4.24.0
2024-08-08 21:48:03,206 [INFO] WebApp:779 - Register for checkConnection events
2024-08-08 21:48:03,206 [INFO] WebApp:414 - Apply proxy settings
2024-08-08 21:48:03,207 [INFO] WebApp:499 - Chromium requires no authentication
2024-08-08 21:48:03,210 [WARN] PackLoader:240 - Cannot read IP mode file for portGmbH.I-Cube-SoM-uGOAL.1.1.0
2024-08-08 21:48:03,222 [INFO] WebApp:442 - Direct internet connection detected
2024-08-08 21:48:03,261 [WARN] PackLoader:240 - Cannot read IP mode file for STMicroelectronics.X-CUBE-AZRTOS-H7RS.1.0.0
2024-08-08 21:48:03,284 [WARN] PackLoader:240 - Cannot read IP mode file for STMicroelectronics.FP-ATR-ASTRA1.2.0.0
2024-08-08 21:48:03,316 [WARN] PackLoader:240 - Cannot read IP mode file for STMicroelectronics.X-CUBE-TOF1.3.4.2
2024-08-08 21:48:03,358 [WARN] PackLoader:240 - Cannot read IP mode file for STMicroelectronics.X-CUBE-TOF1.3.4.1
2024-08-08 21:48:03,411 [WARN] PackLoader:240 - Cannot read IP mode file for STMicroelectronics.X-CUBE-AZRTOS-H7.3.2.0
2024-08-08 21:48:03,448 [WARN] PackLoader:240 - Cannot read IP mode file for Infineon.AIROC-Wi-Fi-Bluetooth-STM32.1.6.0
2024-08-08 21:48:03,481 [WARN] PackLoader:240 - Cannot read IP mode file for wolfSSL.I-CUBE-wolfSSH.1.4.17
2024-08-08 21:48:03,481 [INFO] ThirdParty:978 - Integrity check success = true
2024-08-08 21:48:03,482 [INFO] IntegrityCheckThread:100 - exiting critical section [integrity check]
2024-08-08 21:48:03,482 [INFO] IntegrityCheckThread:103 - End integrity checks thread
2024-08-08 21:48:03,579 [INFO] WebApp:192 - Starting web application
2024-08-08 21:48:03,580 [INFO] WebApp:544 - Web application path used C:\ST\STM32CubeIDE_1.15.1\STM32CubeIDE\plugins\com.st.stm32cube.common.mx_6.11.1.202404110753\db\plugins\mcufinder\reactClient1\index.html
2024-08-08 22:30:13,617 [ERROR] ConfigurationRetriever:142 - IOException on connection: Read timed out
2024-08-08 22:30:15,671 [ERROR] ConfigurationRetriever:142 - IOException on connection: Read timed out
2024-08-08 22:30:17,786 [ERROR] ConfigurationRetriever:142 - IOException on connection: Read timed out
2024-08-08 22:30:19,823 [ERROR] ConfigurationRetriever:142 - IOException on connection: Read timed out
2024-08-08 22:30:21,864 [ERROR] ConfigurationRetriever:142 - IOException on connection: Read timed out
2024-08-08 23:03:51,015 [ERROR] ConfigurationRetriever:142 - IOException on connection: Read timed out
2024-08-08 23:03:53,066 [ERROR] ConfigurationRetriever:142 - IOException on connection: Read timed out
2024-08-08 23:06:47,106 [ERROR] ConfigurationRetriever:142 - IOException on connection: Read timed out
2024-08-08 23:06:49,146 [ERROR] ConfigurationRetriever:142 - IOException on connection: Read timed out
2024-08-08 23:06:51,186 [ERROR] ConfigurationRetriever:142 - IOException on connection: Read timed out
2024-08-08 23:12:45,972 [ERROR] ConfigurationRetriever:142 - IOException on connection: Read timed out
2024-08-08 23:12:49,021 [ERROR] ConfigurationRetriever:142 - IOException on connection: Read timed out
2024-08-08 23:12:51,061 [ERROR] ConfigurationRetriever:142 - IOException on connection: Read timed out
